feature-shortcuts/build/intermediates/manifest_merge_blame_file/release/processReleaseManifest/manifest-merger-blame-release-report.txt
1<?xml version="1.0" encoding="utf-8"?>
2<manifest xmlns:android="http://schemas.android.com/apk/res/android"
3    package="com.localai.agent.featureshortcuts" >
4
5    <uses-sdk android:minSdkVersion="26" />
6
7    <uses-permission android:name="android.permission.FOREGROUND_SERVICE" />
7-->src/main/AndroidManifest.xml:4:5-77
7-->src/main/AndroidManifest.xml:4:22-74
8    <uses-permission android:name="android.permission.FOREGROUND_SERVICE_MICROPHONE" />
8-->src/main/AndroidManifest.xml:5:5-88
8-->src/main/AndroidManifest.xml:5:22-85
9    <uses-permission android:name="android.permission.SYSTEM_ALERT_WINDOW" />
9-->src/main/AndroidManifest.xml:6:5-78
9-->src/main/AndroidManifest.xml:6:22-75
10    <uses-permission android:name="android.permission.BLUETOOTH_CONNECT" />
10-->src/main/AndroidManifest.xml:7:5-76
10-->src/main/AndroidManifest.xml:7:22-73
11
12    <application>
12-->src/main/AndroidManifest.xml:9:5-56:19
13        <service
13-->src/main/AndroidManifest.xml:10:9-13:58
14            android:name="com.localai.agent.featureshortcuts.notification.AssistantForegroundService"
14-->src/main/AndroidManifest.xml:11:13-68
15            android:exported="false"
15-->src/main/AndroidManifest.xml:12:13-37
16            android:foregroundServiceType="microphone" />
16-->src/main/AndroidManifest.xml:13:13-55
17        <service
17-->src/main/AndroidManifest.xml:15:9-17:40
18            android:name="com.localai.agent.featureshortcuts.bubble.FloatingBubbleService"
18-->src/main/AndroidManifest.xml:16:13-57
19            android:exported="false" />
19-->src/main/AndroidManifest.xml:17:13-37
20        <service
20-->src/main/AndroidManifest.xml:19:9-28:19
21            android:name="com.localai.agent.featureshortcuts.tile.AssistantTileService"
21-->src/main/AndroidManifest.xml:20:13-54
22            android:exported="true"
22-->src/main/AndroidManifest.xml:21:13-36
23            android:icon="@android:drawable/ic_btn_speak_now"
23-->src/main/AndroidManifest.xml:22:13-62
24            android:label="AI Assistant"
24-->src/main/AndroidManifest.xml:23:13-41
25            android:permission="android.permission.BIND_QUICK_SETTINGS_TILE" >
25-->src/main/AndroidManifest.xml:24:13-77
26            <intent-filter>
26-->src/main/AndroidManifest.xml:25:13-27:29
27                <action android:name="android.service.quicksettings.action.QS_TILE" />
27-->src/main/AndroidManifest.xml:26:17-87
27-->src/main/AndroidManifest.xml:26:25-84
28            </intent-filter>
29        </service>
30
31        <receiver
31-->src/main/AndroidManifest.xml:30:9-39:20
32            android:name="com.localai.agent.featureshortcuts.widget.AssistantWidgetReceiver"
32-->src/main/AndroidManifest.xml:31:13-59
33            android:exported="true" >
33-->src/main/AndroidManifest.xml:32:13-36
34            <intent-filter>
34-->src/main/AndroidManifest.xml:33:13-35:29
35                <action android:name="android.appwidget.action.APPWIDGET_UPDATE" />
35-->src/main/AndroidManifest.xml:34:17-84
35-->src/main/AndroidManifest.xml:34:25-81
36            </intent-filter>
37
38            <meta-data
38-->src/main/AndroidManifest.xml:36:13-38:65
39                android:name="android.appwidget.provider"
39-->src/main/AndroidManifest.xml:37:17-58
40                android:resource="@xml/assistant_widget_info" />
40-->src/main/AndroidManifest.xml:38:17-62
41        </receiver>
42        <receiver
42-->src/main/AndroidManifest.xml:41:9-47:20
43            android:name="com.localai.agent.featureshortcuts.trigger.BluetoothTriggerReceiver"
43-->src/main/AndroidManifest.xml:42:13-61
44            android:exported="true" >
44-->src/main/AndroidManifest.xml:43:13-36
45            <intent-filter>
45-->src/main/AndroidManifest.xml:44:13-46:29
46                <action android:name="android.bluetooth.adapter.action.CONNECTION_STATE_CHANGED" />
46-->src/main/AndroidManifest.xml:45:17-100
46-->src/main/AndroidManifest.xml:45:25-97
47            </intent-filter>
48        </receiver>
49        <receiver
49-->src/main/AndroidManifest.xml:49:9-55:20
50            android:name="com.localai.agent.featureshortcuts.trigger.VolumeTriggerReceiver"
50-->src/main/AndroidManifest.xml:50:13-58
51            android:exported="true" >
51-->src/main/AndroidManifest.xml:51:13-36
52            <intent-filter>
52-->src/main/AndroidManifest.xml:52:13-54:29
53                <action android:name="android.intent.action.MEDIA_BUTTON" />
53-->src/main/AndroidManifest.xml:53:17-77
53-->src/main/AndroidManifest.xml:53:25-74
54            </intent-filter>
55        </receiver>
56    </application>
57
58</manifest>